[2019-08-31 21:38:36] logger.NOTICE: Birmingham List Empty [] []
[2019-08-31 21:38:36] logger.NOTICE: Scraping Restaurant https://www.just-eat.co.uk/restaurants-caspian-grill-and-pizza-birmingham/menu [] []
[2019-08-31 21:38:36] logger.NOTICE: Deleteing Error {"query":"SELECT * from restaurant where url='https://www.just-eat.co.uk/restaurants-caspian-grill-and-pizza-birmingham'"} []
[2019-08-31 21:38:37] logger.NOTICE: New Restaurant: Caspian Grill &amp; Pizza [] []
[2019-08-31 21:39:45] logger.NOTICE: Complete [] []
[2019-08-31 21:39:45] logger.NOTICE: Scraping Restaurant https://www.just-eat.co.uk/restaurants-grillos-pizza-birmingham/menu [] []
[2019-08-31 21:39:45] logger.NOTICE: Deleteing Error {"query":"SELECT * from restaurant where url='https://www.just-eat.co.uk/restaurants-grillos-pizza-birmingham'"} []
[2019-08-31 21:39:46] logger.NOTICE: New Restaurant: Grillo&#039;s Pizza [] []
[2019-08-31 21:41:01] logger.NOTICE: Complete [] []
[2019-08-31 21:41:01] logger.NOTICE: Scraping Restaurant https://www.just-eat.co.uk/restaurants-tasty-plaice-grand-central-birmingham/menu [] []
[2019-08-31 21:41:01] logger.NOTICE: Deleteing Error {"query":"SELECT * from restaurant where url='https://www.just-eat.co.uk/restaurants-tasty-plaice-grand-central-birmingham'"} []
[2019-08-31 21:41:02] logger.NOTICE: New Restaurant: Tasty Plaice (Grand Central) [] []
[2019-08-31 21:42:09] logger.NOTICE: Complete [] []
[2019-08-31 21:42:09] logger.NOTICE: Scraping Restaurant https://www.just-eat.co.uk/restaurants-gourmetburgerkitchen-birmingham/menu [] []
[2019-08-31 21:42:09] logger.NOTICE: Deleteing Error {"query":"SELECT * from restaurant where url='https://www.just-eat.co.uk/restaurants-gourmetburgerkitchen-birmingham'"} []
[2019-08-31 21:42:09] logger.NOTICE: New Restaurant: Gourmet Burger Kitchen (GBK) - Brindley Place [] []
[2019-08-31 21:43:12] logger.NOTICE: Complete [] []
[2019-08-31 21:43:12] logger.NOTICE: Scraping Restaurant https://www.just-eat.co.uk/restaurants-truspicecaribbeanrestaurant-birmingham/menu [] []
[2019-08-31 21:43:12] logger.NOTICE: Deleteing Error {"query":"SELECT * from restaurant where url='https://www.just-eat.co.uk/restaurants-truspicecaribbeanrestaurant-birmingham'"} []
[2019-08-31 21:43:12] logger.NOTICE: New Restaurant: Tru Spice Caribbean Restaurant [] []
[2019-08-31 21:44:17] logger.NOTICE: Complete [] []
[2019-08-31 21:44:17] logger.NOTICE: Scraping Restaurant https://www.just-eat.co.uk/restaurants-burgerking-birminghamhighstreet/menu [] []
[2019-08-31 21:44:17] logger.NOTICE: Deleteing Error {"query":"SELECT * from restaurant where url='https://www.just-eat.co.uk/restaurants-burgerking-birminghamhighstreet'"} []
[2019-08-31 21:44:18] logger.NOTICE: New Restaurant: Burger King Birmingham High Street [] []
[2019-08-31 21:45:20] logger.NOTICE: Complete [] []
[2019-08-31 21:45:20] logger.NOTICE: Scraping Restaurant https://www.just-eat.co.uk/restaurants-foodrepublic-birminghamB15/menu [] []
[2019-08-31 21:45:20] logger.NOTICE: Deleteing Error {"query":"SELECT * from restaurant where url='https://www.just-eat.co.uk/restaurants-foodrepublic-birminghamB15'"} []
[2019-08-31 21:45:21] logger.NOTICE: New Restaurant: Food Republic [] []
[2019-08-31 21:46:25] logger.NOTICE: Complete [] []
[2019-08-31 21:46:25] logger.NOTICE: Scraping Restaurant https://www.just-eat.co.uk/restaurants-riospiripiri-birmingham/menu [] []
[2019-08-31 21:46:25] logger.NOTICE: Deleteing Error {"query":"SELECT * from restaurant where url='https://www.just-eat.co.uk/restaurants-riospiripiri-birmingham'"} []
[2019-08-31 21:46:26] logger.NOTICE: New Restaurant: Rios Piri Piri [] []
[2019-08-31 21:47:28] logger.NOTICE: Complete [] []
[2019-08-31 21:47:28] logger.NOTICE: Scraping Restaurant https://www.just-eat.co.uk/restaurants-chopandwok-b1/menu [] []
[2019-08-31 21:47:28] logger.NOTICE: Deleteing Error {"query":"SELECT * from restaurant where url='https://www.just-eat.co.uk/restaurants-chopandwok-b1'"} []
[2019-08-31 21:47:29] logger.NOTICE: New Restaurant: Chop &amp; Wok (City Centre) [] []
[2019-08-31 21:47:30] logger.CRITICAL: Query Error: INSERT INTO category (name, description) VALUES ('Wok', 'Stir fry &amp; vegetable (Includes 5 types of vegetables: Onions, peppers, carrots, red cabbage &amp; bean sprouts)\n 1. Choose the style:\n &bull; Thin rice vermicelli (Gluten free)\n &bull; Medium noodles\n &bull; Udon noodles\n &bull; Soba noodles\n &bull; Asian brown rice (Gluten free) (Healthier choice)\n &bull; Basmati rice (Gluten free)\n &bull; Buckwheat noodles (50p extra) (Healthier choice)\n &bull; Whole grain rice vermicelli (Fibre)\n 2. Add to it:\n &bull; Chicken strips (Protein)\n &bull; Beef strips (Protein)\n &bull; Salmon strips (70p extra) (Healthier choice)(Omega 3) (Nutrients)\n &bull; Shredded roasted duck (Protein)\n &bull; Tiger prawns (70p extra) (Nutrients)\n &bull; Diced tofu (Vegetarian) (Nutrients)\n &bull; Wild Mushrooms (Vegetarian) (Nutrients)\n &bull; Oriental vegetables (Vegetarian) (Fibre)\n 3. Make the flavour:\n &bull; Beijing black bean\n &bull; Malaysian spice (Hot &#039;n&#039; spicy)\n &bull; Tokyo honey &amp; lime\n &bull; Singapore plum\n &bull; Delhi cumin &amp; coriander (Hot &#039;n&#039; spicy)\n &bull; Mumbai chilli &amp; paprika (Hot &#039;n&#039; spicy)\n &bull; Hong Kong sweet &amp; sour\n &bull; Mandarin kung po\n &bull; Schezuan sauce\n &bull; Oyster Sauce (Gluten free)\n 4. Optional\n Customize your dish\n Extra &pound;1.00 charge for each item\n &bull; Add extra meat of your choice\n &bull; Add extra stir fry vegetables (Healthier choice) (Fibre)\n &bull; Add eggs (Healthier choice) (Protein)\n &bull; Add mushrooms (Healthier choice)\n &bull; Add fresh Thai chillies\n &bull; Add extra sauce of your choice\n &bull; Add water chestnuts (Healthier choice) (Nutrients)\n &bull; Add pak choi (Healthier choice) (Nutrients)\n &bull; Add babycorn (Healthier choice) (Nutrients)\n &bull; Add roasted peanuts (Protein)\n &bull; Add bamboo shoots (Healthier choice)(Nutrients)(Protein)\n All from 350 calories of goodness!') [] []
[2019-08-31 21:55:38] logger.NOTICE: Birmingham List Empty [] []
[2019-08-31 21:55:38] logger.NOTICE: Scraping Restaurant https://www.just-eat.co.uk/restaurants-chopandwok-b1/menu [] []
[2019-08-31 21:55:38] logger.NOTICE: Deleting Older Restaurant Data {"query":"SELECT * from restaurant where url='https://www.just-eat.co.uk/restaurants-chopandwok-b1'"} []
[2019-08-31 21:55:38] logger.CRITICAL: Query Error: DELETE from sub_category where food_id => 627 [] []
[2019-08-31 21:56:11] logger.NOTICE: Birmingham List Empty [] []
[2019-08-31 21:56:11] logger.NOTICE: Scraping Restaurant https://www.just-eat.co.uk/restaurants-chopandwok-b1/menu [] []
[2019-08-31 21:56:11] logger.NOTICE: Deleting Older Restaurant Data {"query":"SELECT * from restaurant where url='https://www.just-eat.co.uk/restaurants-chopandwok-b1'"} []
[2019-08-31 21:56:11] logger.CRITICAL: Query Error: DELETE from food where restaurant_id='9; [] []
[2019-08-31 21:57:10] logger.NOTICE: Birmingham List Empty [] []
[2019-08-31 21:57:10] logger.NOTICE: Scraping Restaurant https://www.just-eat.co.uk/restaurants-chopandwok-b1/menu [] []
[2019-08-31 21:57:10] logger.NOTICE: Deleting Older Restaurant Data {"query":"SELECT * from restaurant where url='https://www.just-eat.co.uk/restaurants-chopandwok-b1'"} []
[2019-08-31 21:57:10] logger.NOTICE: New Restaurant: Chop &amp; Wok (City Centre) [] []
[2019-08-31 21:58:12] logger.NOTICE: Complete [] []
[2019-08-31 21:58:12] logger.NOTICE: Scraping Restaurant https://www.just-eat.co.uk/restaurants-shazanz-kebab-house/menu [] []
[2019-08-31 21:58:12] logger.NOTICE: Deleting Older Restaurant Data {"query":"SELECT * from restaurant where url='https://www.just-eat.co.uk/restaurants-shazanz-kebab-house'"} []
[2019-08-31 21:58:13] logger.NOTICE: New Restaurant: Shazanz Kebab House [] []
[2019-08-31 21:59:17] logger.NOTICE: Complete [] []
[2019-08-31 21:59:17] logger.NOTICE: Scraping Restaurant https://www.just-eat.co.uk/restaurants-grillos-peri-peri-birmingham/menu [] []
[2019-08-31 21:59:17] logger.NOTICE: Deleting Older Restaurant Data {"query":"SELECT * from restaurant where url='https://www.just-eat.co.uk/restaurants-grillos-peri-peri-birmingham'"} []
[2019-08-31 21:59:17] logger.NOTICE: New Restaurant: Grillo&#039;s Peri Peri [] []
[2019-08-31 22:00:21] logger.NOTICE: Complete [] []
[2019-08-31 22:00:21] logger.NOTICE: Scraping Restaurant https://www.just-eat.co.uk/restaurants-skippersfishbar-b1/menu [] []
[2019-08-31 22:00:21] logger.NOTICE: Deleting Older Restaurant Data {"query":"SELECT * from restaurant where url='https://www.just-eat.co.uk/restaurants-skippersfishbar-b1'"} []
[2019-08-31 22:00:21] logger.NOTICE: New Restaurant: Skippers Fish Bar &amp; Pizza [] []
[2019-08-31 22:01:37] logger.NOTICE: Complete [] []
[2019-08-31 22:01:37] logger.NOTICE: Scraping Restaurant https://www.just-eat.co.uk/restaurants-stacksbroadwayplaza-birmingham/menu [] []
[2019-08-31 22:01:37] logger.NOTICE: Deleting Older Restaurant Data {"query":"SELECT * from restaurant where url='https://www.just-eat.co.uk/restaurants-stacksbroadwayplaza-birmingham'"} []
[2019-08-31 22:01:37] logger.NOTICE: New Restaurant: Stacks - Broadway Plaza [] []
[2019-08-31 22:02:39] logger.NOTICE: Complete [] []
[2019-08-31 22:02:39] logger.NOTICE: Scraping Restaurant https://www.just-eat.co.uk/restaurants-no1-chinese-cafe-and-takeaway-birmingham/menu [] []
[2019-08-31 22:02:39] logger.NOTICE: Deleting Older Restaurant Data {"query":"SELECT * from restaurant where url='https://www.just-eat.co.uk/restaurants-no1-chinese-cafe-and-takeaway-birmingham'"} []
[2019-08-31 22:02:39] logger.NOTICE: New Restaurant: No.1 Chinese Cafe &amp; Takeaway [] []
[2019-08-31 22:03:50] logger.NOTICE: Complete [] []
[2019-08-31 22:03:50] logger.NOTICE: Scraping Restaurant https://www.just-eat.co.uk/restaurants-subway-frederickstreetbirmingham/menu [] []
[2019-08-31 22:03:50] logger.NOTICE: Deleting Older Restaurant Data {"query":"SELECT * from restaurant where url='https://www.just-eat.co.uk/restaurants-subway-frederickstreetbirmingham'"} []
[2019-08-31 22:03:50] logger.NOTICE: New Restaurant: Subway Frederick Street [] []
[2019-08-31 22:04:55] logger.NOTICE: Complete [] []
[2019-08-31 22:04:55] logger.NOTICE: Scraping Restaurant https://www.just-eat.co.uk/restaurants-otorosushi-birmingham/menu [] []
[2019-08-31 22:04:55] logger.NOTICE: Deleting Older Restaurant Data {"query":"SELECT * from restaurant where url='https://www.just-eat.co.uk/restaurants-otorosushi-birmingham'"} []
[2019-08-31 22:04:56] logger.NOTICE: New Restaurant: Otoro Sushi [] []
[2019-08-31 22:06:07] logger.NOTICE: Complete [] []
[2019-08-31 22:06:07] logger.NOTICE: Scraping Restaurant https://www.just-eat.co.uk/restaurants-mama-mia-pizza-new-birmingham/menu [] []
[2019-08-31 22:06:07] logger.NOTICE: Deleting Older Restaurant Data {"query":"SELECT * from restaurant where url='https://www.just-eat.co.uk/restaurants-mama-mia-pizza-new-birmingham'"} []
[2019-08-31 22:06:07] logger.NOTICE: New Restaurant: Mama Mia Pizza [] []
[2019-08-31 22:07:12] logger.NOTICE: Complete [] []
[2019-08-31 22:07:12] logger.NOTICE: Scraping Restaurant https://www.just-eat.co.uk/restaurants-pizza-land-b29/menu [] []
[2019-08-31 22:07:12] logger.NOTICE: Deleting Older Restaurant Data {"query":"SELECT * from restaurant where url='https://www.just-eat.co.uk/restaurants-pizza-land-b29'"} []
[2019-08-31 22:07:12] logger.NOTICE: New Restaurant: Pizza Land (Selly Oak) [] []
[2019-08-31 22:08:30] logger.NOTICE: Complete [] []
[2019-08-31 22:08:31] logger.NOTICE: Scraping Restaurant https://www.just-eat.co.uk/restaurants-the-bear-cafe-french-walls/menu [] []
[2019-08-31 22:08:31] logger.NOTICE: Deleting Older Restaurant Data {"query":"SELECT * from restaurant where url='https://www.just-eat.co.uk/restaurants-the-bear-cafe-french-walls'"} []
[2019-08-31 22:08:31] logger.NOTICE: New Restaurant: The Bear Cafe [] []
[2019-08-31 22:09:33] logger.NOTICE: Complete [] []
[2019-08-31 22:09:33] logger.NOTICE: Scraping Restaurant https://www.just-eat.co.uk/restaurants-munchees-dessert-b8/menu [] []
[2019-08-31 22:09:33] logger.NOTICE: Deleting Older Restaurant Data {"query":"SELECT * from restaurant where url='https://www.just-eat.co.uk/restaurants-munchees-dessert-b8'"} []
[2019-08-31 22:09:34] logger.NOTICE: New Restaurant: Munchies Takeaway &amp; Desserts Delivered [] []
[2019-08-31 22:11:32] logger.NOTICE: Complete [] []
[2019-08-31 22:11:32] logger.NOTICE: Scraping Restaurant https://www.just-eat.co.uk/restaurants-pepespiripiri-b664bl/menu [] []
[2019-08-31 22:11:32] logger.NOTICE: Deleting Older Restaurant Data {"query":"SELECT * from restaurant where url='https://www.just-eat.co.uk/restaurants-pepespiripiri-b664bl'"} []
[2019-08-31 22:11:32] logger.NOTICE: New Restaurant: Pepe&#039;s Piri Piri (Bearwood) [] []
[2019-08-31 22:12:39] logger.NOTICE: Complete [] []
[2019-08-31 22:12:39] logger.NOTICE: Scraping Restaurant https://www.just-eat.co.uk/restaurants-bottega-birmingham/menu [] []
[2019-08-31 22:12:39] logger.NOTICE: Deleting Older Restaurant Data {"query":"SELECT * from restaurant where url='https://www.just-eat.co.uk/restaurants-bottega-birmingham'"} []
[2019-08-31 22:12:39] logger.NOTICE: New Restaurant: Bottega Birmingham [] []
[2019-08-31 22:13:42] logger.NOTICE: Complete [] []
[2019-08-31 22:13:42] logger.NOTICE: Scraping Restaurant https://www.just-eat.co.uk/restaurants-kfc-handsworthsohoroadbirmingham/menu [] []
[2019-08-31 22:13:42] logger.NOTICE: Deleting Older Restaurant Data {"query":"SELECT * from restaurant where url='https://www.just-eat.co.uk/restaurants-kfc-handsworthsohoroadbirmingham'"} []
[2019-08-31 22:13:42] logger.NOTICE: New Restaurant: KFC Handsworth - Soho Road [] []
[2019-08-31 22:14:45] logger.NOTICE: Complete [] []
[2019-08-31 22:14:45] logger.NOTICE: Scraping Restaurant https://www.just-eat.co.uk/restaurants-chunkychickinn-b66/menu [] []
[2019-08-31 22:14:45] logger.NOTICE: Deleting Older Restaurant Data {"query":"SELECT * from restaurant where url='https://www.just-eat.co.uk/restaurants-chunkychickinn-b66'"} []
[2019-08-31 22:14:45] logger.NOTICE: New Restaurant: Chunky Chick-Inn [] []
[2019-08-31 22:16:12] logger.NOTICE: Complete [] []
[2019-08-31 22:16:12] logger.NOTICE: Scraping Restaurant https://www.just-eat.co.uk/restaurants-thecerealbowl-birmingham/menu [] []
[2019-08-31 22:16:12] logger.NOTICE: Deleting Older Restaurant Data {"query":"SELECT * from restaurant where url='https://www.just-eat.co.uk/restaurants-thecerealbowl-birmingham'"} []
[2019-08-31 22:16:12] logger.NOTICE: New Restaurant: The Cereal Bowl [] []
[2019-08-31 22:17:17] logger.NOTICE: Complete [] []
[2019-08-31 22:17:17] logger.NOTICE: Scraping Restaurant https://www.just-eat.co.uk/restaurants-kfc-smethwick-capehillretailpark/menu [] []
[2019-08-31 22:17:17] logger.NOTICE: Deleting Older Restaurant Data {"query":"SELECT * from restaurant where url='https://www.just-eat.co.uk/restaurants-kfc-smethwick-capehillretailpark'"} []
[2019-08-31 22:17:18] logger.NOTICE: New Restaurant: KFC Smethwick - Cape Hill Retail Park [] []
[2019-08-31 22:18:21] logger.NOTICE: Complete [] []
[2019-08-31 22:18:21] logger.NOTICE: Scraping Restaurant https://www.just-eat.co.uk/restaurants-pepperscity-b21/menu [] []
[2019-08-31 22:18:21] logger.NOTICE: Deleting Older Restaurant Data {"query":"SELECT * from restaurant where url='https://www.just-eat.co.uk/restaurants-pepperscity-b21'"} []
[2019-08-31 22:18:21] logger.NOTICE: New Restaurant: Peppers City Takeout (Soho Road) [] []
[2019-08-31 22:19:32] logger.NOTICE: Complete [] []
[2019-08-31 22:19:32] logger.NOTICE: Scraping Restaurant https://www.just-eat.co.uk/restaurants-kebab-point-and-fish-bar-french-walls/menu [] []
[2019-08-31 22:19:32] logger.NOTICE: Deleting Older Restaurant Data {"query":"SELECT * from restaurant where url='https://www.just-eat.co.uk/restaurants-kebab-point-and-fish-bar-french-walls'"} []
[2019-08-31 22:19:33] logger.NOTICE: New Restaurant: Kebab Point &amp; Fish Bar [] []
[2019-08-31 22:20:45] logger.NOTICE: Complete [] []
[2019-08-31 22:20:45] logger.NOTICE: Scraping Restaurant https://www.just-eat.co.uk/restaurants-luigis-b66/menu [] []
[2019-08-31 22:20:45] logger.NOTICE: Deleting Older Restaurant Data {"query":"SELECT * from restaurant where url='https://www.just-eat.co.uk/restaurants-luigis-b66'"} []
[2019-08-31 22:20:46] logger.NOTICE: New Restaurant: Luigi&#039;s Pizza &amp; Pasta [] []
[2019-08-31 22:21:56] logger.NOTICE: Complete [] []
[2019-08-31 22:21:56] logger.NOTICE: Scraping Restaurant https://www.just-eat.co.uk/restaurants-city-kebab-house-b19/menu [] []
[2019-08-31 22:21:56] logger.NOTICE: Deleting Older Restaurant Data {"query":"SELECT * from restaurant where url='https://www.just-eat.co.uk/restaurants-city-kebab-house-b19'"} []
[2019-08-31 22:21:57] logger.NOTICE: New Restaurant: City Kebab House [] []
[2019-08-31 22:23:03] logger.NOTICE: Complete [] []
[2019-08-31 22:23:03] logger.NOTICE: Scraping Restaurant https://www.just-eat.co.uk/restaurants-the-one-caribbean-takeaway-birmingham/menu [] []
[2019-08-31 22:23:03] logger.NOTICE: Deleting Older Restaurant Data {"query":"SELECT * from restaurant where url='https://www.just-eat.co.uk/restaurants-the-one-caribbean-takeaway-birmingham'"} []
[2019-08-31 22:23:03] logger.NOTICE: New Restaurant: The One Caribbean Takeaway [] []
[2019-08-31 22:24:12] logger.NOTICE: Complete [] []
[2019-08-31 22:24:12] logger.NOTICE: Scraping Restaurant https://www.just-eat.co.uk/restaurants-big-johns-highgate-birmingham/menu [] []
[2019-08-31 22:24:12] logger.NOTICE: Deleting Older Restaurant Data {"query":"SELECT * from restaurant where url='https://www.just-eat.co.uk/restaurants-big-johns-highgate-birmingham'"} []
[2019-08-31 22:24:12] logger.NOTICE: New Restaurant: Big John&#039;s (Highgate) [] []
[2019-08-31 22:25:29] logger.NOTICE: Complete [] []
[2019-08-31 22:25:29] logger.NOTICE: Scraping Restaurant https://www.just-eat.co.uk/restaurants-caspian-pizza-aston-new-birmingham-b6/menu [] []
[2019-08-31 22:25:29] logger.NOTICE: Deleting Older Restaurant Data {"query":"SELECT * from restaurant where url='https://www.just-eat.co.uk/restaurants-caspian-pizza-aston-new-birmingham-b6'"} []
[2019-08-31 22:25:29] logger.NOTICE: New Restaurant: Caspian Pizza (Aston) [] []
[2019-08-31 22:26:50] logger.NOTICE: Complete [] []
[2019-08-31 22:26:50] logger.NOTICE: Scraping Restaurant https://www.just-eat.co.uk/restaurants-lebanese-munch-birmingham/menu [] []
[2019-08-31 22:26:50] logger.NOTICE: Deleting Older Restaurant Data {"query":"SELECT * from restaurant where url='https://www.just-eat.co.uk/restaurants-lebanese-munch-birmingham'"} []
[2019-08-31 22:26:51] logger.NOTICE: New Restaurant: Lebanese Munch [] []
[2019-08-31 22:27:56] logger.NOTICE: Complete [] []
[2019-08-31 22:27:56] logger.NOTICE: Scraping Restaurant https://www.just-eat.co.uk/restaurants-caspian-b5/menu [] []
[2019-08-31 22:27:56] logger.NOTICE: Deleting Older Restaurant Data {"query":"SELECT * from restaurant where url='https://www.just-eat.co.uk/restaurants-caspian-b5'"} []
[2019-08-31 22:27:57] logger.NOTICE: New Restaurant: Caspian Pizza [] []
[2019-08-31 22:29:17] logger.NOTICE: Complete [] []
[2019-08-31 22:29:17] logger.NOTICE: Scraping Restaurant https://www.just-eat.co.uk/restaurants-oodles-chinese-ladypool-road-birmingham/menu [] []
[2019-08-31 22:29:17] logger.NOTICE: Deleting Older Restaurant Data {"query":"SELECT * from restaurant where url='https://www.just-eat.co.uk/restaurants-oodles-chinese-ladypool-road-birmingham'"} []
[2019-08-31 22:29:18] logger.NOTICE: New Restaurant: Oodles Chinese (Ladypool Road) [] []
[2019-08-31 22:30:21] logger.NOTICE: Complete [] []
[2019-08-31 22:30:21] logger.NOTICE: Scraping Restaurant https://www.just-eat.co.uk/restaurants-chickencom-b21/menu [] []
[2019-08-31 22:30:21] logger.NOTICE: Deleting Older Restaurant Data {"query":"SELECT * from restaurant where url='https://www.just-eat.co.uk/restaurants-chickencom-b21'"} []
[2019-08-31 22:30:23] logger.NOTICE: New Restaurant: Chicken.com [] []
