[2019-09-01 08:57:37] logger.DEBUG: Birmingham List Found [] []
[2019-09-01 08:57:37] logger.NOTICE: Birmingham List Empty [] []
[2019-09-01 08:57:37] logger.DEBUG: Going Through New Restaurants [] []
[2019-09-01 08:57:37] logger.DEBUG: ---------------------------------------------------- [] []
[2019-09-01 08:57:37] logger.NOTICE: Scraping Restaurant https://www.just-eat.co.uk/restaurants-chickencom-b21/menu [] []
[2019-09-01 08:57:37] logger.DEBUG: Successfully Connected To Database [] []
[2019-09-01 08:57:37] logger.NOTICE: Deleting Older Restaurant Data {"query":"SELECT * from restaurant where url='https://www.just-eat.co.uk/restaurants-chickencom-b21'"} []
[2019-09-01 08:57:37] logger.CRITICAL: Query Error: DELETE from food where restaurant_id='37' [] []
[2019-09-01 08:57:37] logger.CRITICAL: Script Failure: Error: DELETE from food where restaurant_id='37' [] []
[2019-09-01 09:02:42] logger.DEBUG: Birmingham List Found [] []
[2019-09-01 09:02:42] logger.NOTICE: Birmingham List Empty [] []
[2019-09-01 09:02:42] logger.DEBUG: Going Through New Restaurants [] []
[2019-09-01 09:02:42] logger.DEBUG: ---------------------------------------------------- [] []
[2019-09-01 09:02:42] logger.NOTICE: Scraping Restaurant https://www.just-eat.co.uk/restaurants-chickencom-b21/menu [] []
[2019-09-01 09:02:42] logger.DEBUG: Successfully Connected To Database [] []
[2019-09-01 09:02:42] logger.NOTICE: Deleting Older Restaurant Data {"query":"SELECT * from restaurant where url='https://www.just-eat.co.uk/restaurants-chickencom-b21'"} []
[2019-09-01 09:02:42] logger.DEBUG: Fetching info,https://www.just-eat.co.uk/restaurants-chickencom-b21 [] []
[2019-09-01 09:02:43] logger.NOTICE: New Restaurant: Chicken.com [] []
[2019-09-01 09:02:43] logger.DEBUG: Fetching menu for, https://www.just-eat.co.uk/restaurants-chickencom-b21/menu [] []
[2019-09-01 09:02:43] logger.DEBUG: Category: Popular [] []
[2019-09-01 09:02:43] logger.DEBUG: Category: Special Offers [] []
[2019-09-01 09:02:43] logger.DEBUG: Category: Pizzas [] []
[2019-09-01 09:02:43] logger.DEBUG: Category: Burgers [] []
[2019-09-01 09:02:44] logger.DEBUG: Category: Wraps [] []
[2019-09-01 09:02:44] logger.DEBUG: Category: South. Fried Chicken [] []
[2019-09-01 09:02:44] logger.DEBUG: Category: Chicken Wings [] []
[2019-09-01 09:02:44] logger.DEBUG: Category: Chicken Nuggets [] []
[2019-09-01 09:02:44] logger.DEBUG: Category: Chicken Strips [] []
[2019-09-01 09:02:44] logger.DEBUG: Category: Popcorn [] []
[2019-09-01 09:02:44] logger.DEBUG: Category: BBQ Wings [] []
[2019-09-01 09:02:44] logger.DEBUG: Category: BBQ Lamb Ribs [] []
[2019-09-01 09:02:44] logger.DEBUG: Category: Peri Peri Wings [] []
[2019-09-01 09:02:44] logger.DEBUG: Category: Side Orders [] []
[2019-09-01 09:02:44] logger.DEBUG: Category: Dips [] []
[2019-09-01 09:02:44] logger.DEBUG: Category: Milkshakes [] []
[2019-09-01 09:02:44] logger.DEBUG: Category: Kids Meals [] []
[2019-09-01 09:02:44] logger.DEBUG: Category: Bucket Deals [] []
[2019-09-01 09:02:44] logger.DEBUG: Category: Meal Deals [] []
[2019-09-01 09:02:44] logger.DEBUG: Category: Desserts [] []
[2019-09-01 09:02:44] logger.DEBUG: Category: Drinks [] []
[2019-09-01 09:02:44] logger.DEBUG: Successfully Connected To Database [] []
[2019-09-01 09:02:44] logger.DEBUG: Insert Restaurant, Chicken.com {"url":"https://www.just-eat.co.uk/restaurants-chickencom-b21"} []
[2019-09-01 09:02:44] logger.DEBUG: Successfully Connected To Database [] []
[2019-09-01 09:03:48] logger.NOTICE: Complete [] []
[2019-09-01 09:03:48] logger.DEBUG: ---------------------------------------------------- [] []
[2019-09-01 09:03:48] logger.NOTICE: Scraping Restaurant https://www.just-eat.co.uk/restaurants-al-cafe-birmingham/menu [] []
[2019-09-01 09:03:48] logger.DEBUG: Successfully Connected To Database [] []
[2019-09-01 09:03:48] logger.NOTICE: Deleting Older Restaurant Data {"query":"SELECT * from restaurant where url='https://www.just-eat.co.uk/restaurants-al-cafe-birmingham'"} []
[2019-09-01 09:03:48] logger.DEBUG: Fetching info,https://www.just-eat.co.uk/restaurants-al-cafe-birmingham [] []
[2019-09-01 09:03:48] logger.NOTICE: New Restaurant: Al Cafe [] []
[2019-09-01 09:03:48] logger.DEBUG: Fetching menu for, https://www.just-eat.co.uk/restaurants-al-cafe-birmingham/menu [] []
[2019-09-01 09:03:49] logger.DEBUG: Category: Popular [] []
[2019-09-01 09:03:49] logger.DEBUG: Category: Waffles [] []
[2019-09-01 09:03:49] logger.DEBUG: Category: Crepes [] []
[2019-09-01 09:03:49] logger.DEBUG: Category: Sundaes [] []
[2019-09-01 09:03:49] logger.DEBUG: Category: Milkshakes [] []
[2019-09-01 09:03:49] logger.DEBUG: Category: Cookie Dough [] []
[2019-09-01 09:03:49] logger.DEBUG: Category: Cakes [] []
[2019-09-01 09:03:49] logger.DEBUG: Category: Gelato [] []
[2019-09-01 09:03:49] logger.DEBUG: Category: Coffee [] []
[2019-09-01 09:03:49] logger.DEBUG: Category: Tea [] []
[2019-09-01 09:03:49] logger.DEBUG: Category: Hot Chocolate [] []
[2019-09-01 09:03:49] logger.DEBUG: Category: Fresh Juices [] []
[2019-09-01 09:03:49] logger.DEBUG: Category: Drinks [] []
[2019-09-01 09:03:49] logger.DEBUG: Successfully Connected To Database [] []
[2019-09-01 09:03:49] logger.DEBUG: Insert Restaurant, Al Cafe {"url":"https://www.just-eat.co.uk/restaurants-al-cafe-birmingham"} []
[2019-09-01 09:03:49] logger.DEBUG: Successfully Connected To Database [] []
[2019-09-01 09:04:50] logger.NOTICE: Complete [] []
[2019-09-01 09:04:50] logger.DEBUG: ---------------------------------------------------- [] []
[2019-09-01 09:04:50] logger.NOTICE: Scraping Restaurant https://www.just-eat.co.uk/restaurants-dixychicken-birminghamb5/menu [] []
[2019-09-01 09:04:50] logger.DEBUG: Successfully Connected To Database [] []
[2019-09-01 09:04:50] logger.NOTICE: Deleting Older Restaurant Data {"query":"SELECT * from restaurant where url='https://www.just-eat.co.uk/restaurants-dixychicken-birminghamb5'"} []
[2019-09-01 09:04:51] logger.DEBUG: Fetching info,https://www.just-eat.co.uk/restaurants-dixychicken-birminghamb5 [] []
[2019-09-01 09:04:51] logger.NOTICE: New Restaurant: Dixy Chicken [] []
[2019-09-01 09:04:51] logger.DEBUG: Fetching menu for, https://www.just-eat.co.uk/restaurants-dixychicken-birminghamb5/menu [] []
[2019-09-01 09:04:51] logger.DEBUG: Category: Popular [] []
[2019-09-01 09:04:51] logger.DEBUG: Category: Buckets [] []
[2019-09-01 09:04:51] logger.DEBUG: Category: Box Meals [] []
[2019-09-01 09:04:51] logger.DEBUG: Category: Chicken [] []
[2019-09-01 09:04:52] logger.DEBUG: Category: Burgers [] []
[2019-09-01 09:04:52] logger.DEBUG: Category: Tortilla Wraps [] []
[2019-09-01 09:04:52] logger.DEBUG: Category: Peri Peri Chicken [] []
[2019-09-01 09:04:52] logger.DEBUG: Category: Snack Packs [] []
[2019-09-01 09:04:52] logger.DEBUG: Category: Extras [] []
[2019-09-01 09:04:52] logger.DEBUG: Category: Sides [] []
[2019-09-01 09:04:52] logger.DEBUG: Category: Salads [] []
[2019-09-01 09:04:52] logger.DEBUG: Category: Kids Meals [] []
[2019-09-01 09:04:52] logger.DEBUG: Category: Meal Deals [] []
[2019-09-01 09:04:52] logger.DEBUG: Category: Desserts [] []
[2019-09-01 09:04:52] logger.DEBUG: Category: Drinks [] []
[2019-09-01 09:04:52] logger.DEBUG: Successfully Connected To Database [] []
[2019-09-01 09:04:52] logger.DEBUG: Insert Restaurant, Dixy Chicken {"url":"https://www.just-eat.co.uk/restaurants-dixychicken-birminghamb5"} []
[2019-09-01 09:04:52] logger.DEBUG: Successfully Connected To Database [] []
[2019-09-01 09:11:54] logger.DEBUG: Birmingham List Found [] []
[2019-09-01 09:11:54] logger.NOTICE: Birmingham List Empty [] []
[2019-09-01 09:11:54] logger.DEBUG: Going Through New Restaurants [] []
[2019-09-01 09:11:54] logger.DEBUG: ---------------------------------------------------- [] []
[2019-09-01 09:11:54] logger.NOTICE: Scraping Restaurant https://www.just-eat.co.uk/restaurants-dixychicken-birminghamb5/menu [] []
[2019-09-01 09:11:54] logger.DEBUG: Successfully Connected To Database [] []
[2019-09-01 09:11:54] logger.NOTICE: Deleting Older Restaurant Data {"query":"SELECT * from restaurant where url='https://www.just-eat.co.uk/restaurants-dixychicken-birminghamb5'"} []
[2019-09-01 09:11:55] logger.DEBUG: Fetching info,https://www.just-eat.co.uk/restaurants-dixychicken-birminghamb5 [] []
[2019-09-01 09:11:55] logger.NOTICE: New Restaurant: Dixy Chicken [] []
[2019-09-01 09:11:55] logger.DEBUG: Fetching menu for, https://www.just-eat.co.uk/restaurants-dixychicken-birminghamb5/menu [] []
[2019-09-01 09:11:55] logger.DEBUG: Category: Popular [] []
[2019-09-01 09:11:55] logger.DEBUG: Category: Buckets [] []
[2019-09-01 09:11:55] logger.DEBUG: Category: Box Meals [] []
[2019-09-01 09:11:55] logger.DEBUG: Category: Chicken [] []
[2019-09-01 09:11:55] logger.DEBUG: Category: Burgers [] []
[2019-09-01 09:11:55] logger.DEBUG: Category: Tortilla Wraps [] []
[2019-09-01 09:11:55] logger.DEBUG: Category: Peri Peri Chicken [] []
[2019-09-01 09:11:55] logger.DEBUG: Category: Snack Packs [] []
[2019-09-01 09:11:55] logger.DEBUG: Category: Extras [] []
[2019-09-01 09:11:55] logger.DEBUG: Category: Sides [] []
[2019-09-01 09:11:55] logger.DEBUG: Category: Salads [] []
[2019-09-01 09:11:55] logger.DEBUG: Category: Kids Meals [] []
[2019-09-01 09:11:55] logger.DEBUG: Category: Meal Deals [] []
[2019-09-01 09:11:55] logger.DEBUG: Category: Desserts [] []
[2019-09-01 09:11:55] logger.DEBUG: Category: Drinks [] []
[2019-09-01 09:11:55] logger.DEBUG: Successfully Connected To Database [] []
[2019-09-01 09:11:56] logger.DEBUG: Insert Restaurant, Dixy Chicken {"url":"https://www.just-eat.co.uk/restaurants-dixychicken-birminghamb5"} []
[2019-09-01 09:11:56] logger.DEBUG: Successfully Connected To Database [] []
[2019-09-01 09:12:57] logger.NOTICE: Complete [] []
[2019-09-01 09:12:57] logger.DEBUG: ---------------------------------------------------- [] []
[2019-09-01 09:12:57] logger.NOTICE: Scraping Restaurant https://www.just-eat.co.uk/restaurants-caspiangrill-b12/menu [] []
[2019-09-01 09:12:57] logger.DEBUG: Successfully Connected To Database [] []
[2019-09-01 09:12:57] logger.NOTICE: Deleting Older Restaurant Data {"query":"SELECT * from restaurant where url='https://www.just-eat.co.uk/restaurants-caspiangrill-b12'"} []
[2019-09-01 09:12:58] logger.DEBUG: Fetching info,https://www.just-eat.co.uk/restaurants-caspiangrill-b12 [] []
[2019-09-01 09:12:58] logger.NOTICE: New Restaurant: Caspian Grill [] []
[2019-09-01 09:12:58] logger.DEBUG: Fetching menu for, https://www.just-eat.co.uk/restaurants-caspiangrill-b12/menu [] []
[2019-09-01 09:12:58] logger.DEBUG: Category: Popular [] []
[2019-09-01 09:12:58] logger.DEBUG: Category: Special Offers [] []
[2019-09-01 09:12:58] logger.DEBUG: Category: Pizzas [] []
[2019-09-01 09:12:58] logger.DEBUG: Category: Kebabs [] []
[2019-09-01 09:12:58] logger.DEBUG: Category: Mixed Grills [] []
[2019-09-01 09:12:58] logger.DEBUG: Category: Burgers [] []
[2019-09-01 09:12:59] logger.DEBUG: Category: Peri Peri Chicken [] []
[2019-09-01 09:12:59] logger.DEBUG: Category: Fish &amp; Chips [] []
[2019-09-01 09:12:59] logger.DEBUG: Category: Pasta [] []
[2019-09-01 09:12:59] logger.DEBUG: Category: Salads [] []
[2019-09-01 09:12:59] logger.DEBUG: Category: Side Orders [] []
[2019-09-01 09:12:59] logger.DEBUG: Category: Dips [] []
[2019-09-01 09:12:59] logger.DEBUG: Category: Meal Deals [] []
[2019-09-01 09:12:59] logger.DEBUG: Category: Desserts [] []
[2019-09-01 09:12:59] logger.DEBUG: Category: Drinks [] []
[2019-09-01 09:12:59] logger.DEBUG: Successfully Connected To Database [] []
[2019-09-01 09:12:59] logger.DEBUG: Insert Restaurant, Caspian Grill {"url":"https://www.just-eat.co.uk/restaurants-caspiangrill-b12"} []
[2019-09-01 09:12:59] logger.DEBUG: Successfully Connected To Database [] []
[2019-09-01 09:14:01] logger.NOTICE: Complete [] []
[2019-09-01 09:14:01] logger.DEBUG: ---------------------------------------------------- [] []
[2019-09-01 09:14:01] logger.NOTICE: Scraping Restaurant https://www.just-eat.co.uk/restaurants-tortilla-grand-central-birmingham/menu [] []
[2019-09-01 09:14:01] logger.DEBUG: Successfully Connected To Database [] []
[2019-09-01 09:14:01] logger.NOTICE: Deleting Older Restaurant Data {"query":"SELECT * from restaurant where url='https://www.just-eat.co.uk/restaurants-tortilla-grand-central-birmingham'"} []
[2019-09-01 09:14:01] logger.DEBUG: Fetching info,https://www.just-eat.co.uk/restaurants-tortilla-grand-central-birmingham [] []
[2019-09-01 09:14:01] logger.NOTICE: New Restaurant: Tortilla - Grand Central Birmingham [] []
[2019-09-01 09:14:01] logger.DEBUG: Fetching menu for, https://www.just-eat.co.uk/restaurants-tortilla-grand-central-birmingham/menu [] []
[2019-09-01 09:14:02] logger.DEBUG: Category: Popular [] []
[2019-09-01 09:14:02] logger.DEBUG: Category: Burritos &amp; Bowls [] []
[2019-09-01 09:14:02] logger.DEBUG: Category: Tacos [] []
[2019-09-01 09:14:02] logger.DEBUG: Category: Sides &amp; Salsas [] []
[2019-09-01 09:14:02] logger.DEBUG: Category: Soft Drinks [] []
[2019-09-01 09:14:02] logger.DEBUG: Successfully Connected To Database [] []
[2019-09-01 09:14:02] logger.DEBUG: Insert Restaurant, Tortilla - Grand Central Birmingham {"url":"https://www.just-eat.co.uk/restaurants-tortilla-grand-central-birmingham"} []
[2019-09-01 09:14:02] logger.DEBUG: Successfully Connected To Database [] []
[2019-09-01 09:15:02] logger.NOTICE: Complete [] []
[2019-09-01 09:15:02] logger.DEBUG: ---------------------------------------------------- [] []
[2019-09-01 09:15:02] logger.NOTICE: Scraping Restaurant https://www.just-eat.co.uk/restaurants-uno-pizza-birmingham/menu [] []
[2019-09-01 09:15:02] logger.DEBUG: Successfully Connected To Database [] []
[2019-09-01 09:15:02] logger.NOTICE: Deleting Older Restaurant Data {"query":"SELECT * from restaurant where url='https://www.just-eat.co.uk/restaurants-uno-pizza-birmingham'"} []
[2019-09-01 09:15:03] logger.DEBUG: Fetching info,https://www.just-eat.co.uk/restaurants-uno-pizza-birmingham [] []
[2019-09-01 09:15:03] logger.NOTICE: New Restaurant: Uno Pizza [] []
[2019-09-01 09:15:03] logger.DEBUG: Fetching menu for, https://www.just-eat.co.uk/restaurants-uno-pizza-birmingham/menu [] []
[2019-09-01 09:15:03] logger.DEBUG: Category: Popular [] []
[2019-09-01 09:15:03] logger.DEBUG: Category: Pizzas [] []
[2019-09-01 09:15:04] logger.DEBUG: Category: Calzones [] []
[2019-09-01 09:15:04] logger.DEBUG: Category: Garlic Bread [] []
[2019-09-01 09:15:04] logger.DEBUG: Category: Pasta [] []
[2019-09-01 09:15:04] logger.DEBUG: Category: Side Orders [] []
[2019-09-01 09:15:04] logger.DEBUG: Category: Burgers [] []
[2019-09-01 09:15:04] logger.DEBUG: Category: Wraps [] []
[2019-09-01 09:15:04] logger.DEBUG: Category: Side Salads [] []
[2019-09-01 09:15:04] logger.DEBUG: Category: Special Offers [] []
[2019-09-01 09:15:04] logger.DEBUG: Category: Meal Deals [] []
[2019-09-01 09:15:04] logger.DEBUG: Category: Desserts [] []
[2019-09-01 09:15:04] logger.DEBUG: Category: Drinks [] []
[2019-09-01 09:15:04] logger.DEBUG: Successfully Connected To Database [] []
[2019-09-01 09:15:04] logger.DEBUG: Insert Restaurant, Uno Pizza {"url":"https://www.just-eat.co.uk/restaurants-uno-pizza-birmingham"} []
[2019-09-01 09:15:05] logger.DEBUG: Successfully Connected To Database [] []
