[2019-09-01 08:57:37] logger.NOTICE: Birmingham List Empty [] []
[2019-09-01 08:57:37] logger.NOTICE: Scraping Restaurant https://www.just-eat.co.uk/restaurants-chickencom-b21/menu [] []
[2019-09-01 08:57:37] logger.NOTICE: Deleting Older Restaurant Data {"query":"SELECT * from restaurant where url='https://www.just-eat.co.uk/restaurants-chickencom-b21'"} []
[2019-09-01 08:57:37] logger.CRITICAL: Query Error: DELETE from food where restaurant_id='37' [] []
[2019-09-01 08:57:37] logger.CRITICAL: Script Failure: Error: DELETE from food where restaurant_id='37' [] []
[2019-09-01 09:02:42] logger.NOTICE: Birmingham List Empty [] []
[2019-09-01 09:02:42] logger.NOTICE: Scraping Restaurant https://www.just-eat.co.uk/restaurants-chickencom-b21/menu [] []
[2019-09-01 09:02:42] logger.NOTICE: Deleting Older Restaurant Data {"query":"SELECT * from restaurant where url='https://www.just-eat.co.uk/restaurants-chickencom-b21'"} []
[2019-09-01 09:02:43] logger.NOTICE: New Restaurant: Chicken.com [] []
[2019-09-01 09:03:48] logger.NOTICE: Complete [] []
[2019-09-01 09:03:48] logger.NOTICE: Scraping Restaurant https://www.just-eat.co.uk/restaurants-al-cafe-birmingham/menu [] []
[2019-09-01 09:03:48] logger.NOTICE: Deleting Older Restaurant Data {"query":"SELECT * from restaurant where url='https://www.just-eat.co.uk/restaurants-al-cafe-birmingham'"} []
[2019-09-01 09:03:48] logger.NOTICE: New Restaurant: Al Cafe [] []
[2019-09-01 09:04:50] logger.NOTICE: Complete [] []
[2019-09-01 09:04:50] logger.NOTICE: Scraping Restaurant https://www.just-eat.co.uk/restaurants-dixychicken-birminghamb5/menu [] []
[2019-09-01 09:04:50] logger.NOTICE: Deleting Older Restaurant Data {"query":"SELECT * from restaurant where url='https://www.just-eat.co.uk/restaurants-dixychicken-birminghamb5'"} []
[2019-09-01 09:04:51] logger.NOTICE: New Restaurant: Dixy Chicken [] []
[2019-09-01 09:11:54] logger.NOTICE: Birmingham List Empty [] []
[2019-09-01 09:11:54] logger.NOTICE: Scraping Restaurant https://www.just-eat.co.uk/restaurants-dixychicken-birminghamb5/menu [] []
[2019-09-01 09:11:54] logger.NOTICE: Deleting Older Restaurant Data {"query":"SELECT * from restaurant where url='https://www.just-eat.co.uk/restaurants-dixychicken-birminghamb5'"} []
[2019-09-01 09:11:55] logger.NOTICE: New Restaurant: Dixy Chicken [] []
[2019-09-01 09:12:57] logger.NOTICE: Complete [] []
[2019-09-01 09:12:57] logger.NOTICE: Scraping Restaurant https://www.just-eat.co.uk/restaurants-caspiangrill-b12/menu [] []
[2019-09-01 09:12:57] logger.NOTICE: Deleting Older Restaurant Data {"query":"SELECT * from restaurant where url='https://www.just-eat.co.uk/restaurants-caspiangrill-b12'"} []
[2019-09-01 09:12:58] logger.NOTICE: New Restaurant: Caspian Grill [] []
[2019-09-01 09:14:01] logger.NOTICE: Complete [] []
[2019-09-01 09:14:01] logger.NOTICE: Scraping Restaurant https://www.just-eat.co.uk/restaurants-tortilla-grand-central-birmingham/menu [] []
[2019-09-01 09:14:01] logger.NOTICE: Deleting Older Restaurant Data {"query":"SELECT * from restaurant where url='https://www.just-eat.co.uk/restaurants-tortilla-grand-central-birmingham'"} []
[2019-09-01 09:14:01] logger.NOTICE: New Restaurant: Tortilla - Grand Central Birmingham [] []
[2019-09-01 09:15:02] logger.NOTICE: Complete [] []
[2019-09-01 09:15:02] logger.NOTICE: Scraping Restaurant https://www.just-eat.co.uk/restaurants-uno-pizza-birmingham/menu [] []
[2019-09-01 09:15:02] logger.NOTICE: Deleting Older Restaurant Data {"query":"SELECT * from restaurant where url='https://www.just-eat.co.uk/restaurants-uno-pizza-birmingham'"} []
[2019-09-01 09:15:03] logger.NOTICE: New Restaurant: Uno Pizza [] []
